Arguments: 
  C:\Program Files\nodejs\node.exe C:\Users\dev\AppData\Roaming\npm\node_modules\yarn\bin\yarn.js add gh-pages

PATH: 
  C:\Python310\Scripts\;C:\Python310\;C:\Program Files\Common Files\Oracle\Java\javapath;C:\Python39\Scripts\;C:\Python39\;C:\WINDOWS\system32;C:\WINDOWS;C:\WINDOWS\System32\Wbem;C:\WINDOWS\System32\WindowsPowerShell\v1.0\;C:\Program Files\Symfony;C:\Program Files\Microsoft SQL Server\130\Tools\Binn\;C:\composer;C:\Program Files\PostgreSQL\13\bin;C:\Program Files (x86)\PuTTY\;C:\WINDOWS\System32\OpenSSH\;C:\Program Files\MySQL\MySQL Utilities 1.6\;C:\Program Files\Git\cmd;C:\Php7;C:\ProgramData\chocolatey\bin;C:\Program Files\Java\jdk-17.0.2\bin;C:\Program Files\PuTTY\;C:\Program Files\nodejs\;C:\Users\dev\AppData\Roaming\Composer\vendor\bin;C:\wamp64\bin\php\php7.4.9;C:\Program Files\PostgreSQL\13\bin;C:\Users\dev\AppData\Local\Microsoft\WindowsApps;C:\wamp64\bin\mariadb\mariadb10.5.4\bin;C:\Program Files\JetBrains\PhpStorm 2020.1\bin;;C:\Program Files\nodejs;C:\Program Files\JetBrains\IntelliJ IDEA Community Edition 2020.2.1\bin;;C:\Users\dev\AppData\Local\Programs\Microsoft VS Code\bin;C:\Apache24\bin;C:\Php7;C:\Users\dev\AppData\Roaming\npm

Yarn version: 
  1.22.10

Node version: 
  18.4.0

Platform: 
  win32 x64

Trace: 
  Error: https://registry.yarnpkg.com/@mui/x-data-grid/-/x-data-grid-5.12.3.tgz: ESOCKETTIMEDOUT
      at ClientRequest.<anonymous> (C:\Users\dev\AppData\Roaming\npm\node_modules\yarn\lib\cli.js:141289:19)
      at Object.onceWrapper (node:events:651:28)
      at ClientRequest.emit (node:events:537:28)
      at TLSSocket.emitRequestTimeout (node:_http_client:781:9)
      at Object.onceWrapper (node:events:651:28)
      at TLSSocket.emit (node:events:549:35)
      at Socket._onTimeout (node:net:525:8)
      at listOnTimeout (node:internal/timers:564:17)
      at process.processTimers (node:internal/timers:507:7)

npm manifest: 
  {
    "name": "suividoss",
    "version": "0.1.0",
    "private": true,
    "dependencies": {
      "@emotion/react": "^11.9.3",
      "@emotion/styled": "^11.9.3",
      "@mui/icons-material": "^5.8.4",
      "@mui/material": "^5.8.5",
      "@mui/styled-engine-sc": "^5.8.0",
      "@mui/x-data-grid": "^5.12.3",
      "@mui/x-data-grid-generator": "^5.12.3",
      "@mui/x-data-grid-pro": "^5.12.3",
      "ag-grid-community": "^27.3.0",
      "ag-grid-enterprise": "^27.3.0",
      "ag-grid-react": "^27.3.0",
      "react": "^18.2.0",
      "react-dom": "^18.2.0",
      "react-router-dom": "^6.3.0",
      "react-scripts": "5.0.1",
      "styled-components": "^5.3.5",
      "web-vitals": "^2.1.4"
    },
    "homepage": "http://localhost/blob/",
    "scripts": {
      "predeploy":"npm run build",
      "deploy":"gh-pages -d build",
      "start": "react-scripts start",
      "build": "react-scripts build",
      "test": "react-scripts test",
      "eject": "react-scripts eject"
    },
    "eslintConfig": {
      "extends": [
        "react-app",
        "react-app/jest"
      ]
    },
    "browserslist": {
      "production": [
        ">0.2%",
        "not dead",
        "not op_mini all"
      ],
      "development": [
        "last 1 chrome version",
        "last 1 firefox version",
        "last 1 safari version"
      ]
    }
  }

yarn manifest: 
  No manifest

Lockfile: 
  No lockfile
